# JRE version: OpenJDK Runtime Environment Temurin-21.0.4+7 (21.0.4+7) (build 21.0.4+7-LTS)
# Java VM: OpenJDK 64-Bit Server VM Temurin-21.0.4+7 (21.0.4+7-LTS, mixed mode, tiered, g1 gc, linux-amd64)
GC Precious Log:
 CardTable entry size: 512
 Card Set container configuration: InlinePtr #cards 5 size 8 Array Of Cards #cards 12 size 40 Howl #buckets 4 coarsen threshold 1843 Howl Bitmap #cards 512 size 80 coarsen threshold 460 Card regions per heap region 1 cards per card region 2048
 CPUs: 16 total, 16 available
 Memory: 15803M
 Large Page Support: Disabled
 NUMA Support: Disabled
 Compressed Oops: Disabled
 Heap Region Size: 1M
 Heap Min Capacity: 400M
 Heap Initial Capacity: 400M
 Heap Max Capacity: 2G
 Pre-touch: Disabled
 Parallel Workers: 13
 Concurrent Workers: 3
 Concurrent Refinement Workers: 13
 Periodic GC: Disabled
Heap:
 garbage-first heap   total 409600K, used 266801K [0x000079a210800000, 0x000079a290800000)
  region size 1024K, 240 young (245760K), 3 survivors (3072K)
 Metaspace       used 26750K, committed 27072K, reserved 65536K
GC Heap History (20 events):
Event: 117.886 GC heap after
{Heap after GC invocations=232 (full 0):
 garbage-first heap   total 409600K, used 23419K [0x000079a210800000, 0x000079a290800000)
  region size 1024K, 5 young (5120K), 5 survivors (5120K)
 Metaspace       used 26749K, committed 27072K, reserved 65536K
}
Event: 118.393 GC heap before
{Heap before GC invocations=232 (full 0):
 garbage-first heap   total 409600K, used 264059K [0x000079a210800000, 0x000079a290800000)
  region size 1024K, 240 young (245760K), 5 survivors (5120K)
 Metaspace       used 26749K, committed 27072K, reserved 65536K
}
Event: 118.394 GC heap after
{Heap after GC invocations=233 (full 0):
 garbage-first heap   total 409600K, used 23699K [0x000079a210800000, 0x000079a290800000)
  region size 1024K, 3 young (3072K), 3 survivors (3072K)
 Metaspace       used 26749K, committed 27072K, reserved 65536K
}
Event: 118.995 GC heap before
{Heap before GC invocations=233 (full 0):
 garbage-first heap   total 409600K, used 266387K [0x000079a210800000, 0x000079a290800000)
  region size 1024K, 240 young (245760K), 3 survivors (3072K)
 Metaspace       used 26749K, committed 27072K, reserved 65536K
}
Event: 118.996 GC heap after
{Heap after GC invocations=234 (full 0):
 garbage-first heap   total 409600K, used 23770K [0x000079a210800000, 0x000079a290800000)
  region size 1024K, 3 young (3072K), 3 survivors (3072K)
 Metaspace       used 26749K, committed 27072K, reserved 65536K
}
Event: 119.595 GC heap before
{Heap before GC invocations=234 (full 0):
 garbage-first heap   total 409600K, used 266458K [0x000079a210800000, 0x000079a290800000)
  region size 1024K, 240 young (245760K), 3 survivors (3072K)
 Metaspace       used 26750K, committed 27072K, reserved 65536K
}
Event: 119.596 GC heap after
{Heap after GC invocations=235 (full 0):
 garbage-first heap   total 409600K, used 23862K [0x000079a210800000, 0x000079a290800000)
  region size 1024K, 3 young (3072K), 3 survivors (3072K)
 Metaspace       used 26750K, committed 27072K, reserved 65536K
}
Event: 120.194 GC heap before
{Heap before GC invocations=235 (full 0):
 garbage-first heap   total 409600K, used 266550K [0x000079a210800000, 0x000079a290800000)
  region size 1024K, 240 young (245760K), 3 survivors (3072K)
 Metaspace       used 26750K, committed 27072K, reserved 65536K
}
Event: 120.195 GC heap after
{Heap after GC invocations=236 (full 0):
 garbage-first heap   total 409600K, used 23921K [0x000079a210800000, 0x000079a290800000)
  region size 1024K, 3 young (3072K), 3 survivors (3072K)
 Metaspace       used 26750K, committed 27072K, reserved 65536K
}
Event: 120.793 GC heap before
{Heap before GC invocations=236 (full 0):
 garbage-first heap   total 409600K, used 266609K [0x000079a210800000, 0x000079a290800000)
  region size 1024K, 240 young (245760K), 3 survivors (3072K)
 Metaspace       used 26750K, committed 27072K, reserved 65536K
}
Event: 120.794 GC heap after
{Heap after GC invocations=237 (full 0):
 garbage-first heap   total 409600K, used 23939K [0x000079a210800000, 0x000079a290800000)
  region size 1024K, 3 young (3072K), 3 survivors (3072K)
 Metaspace       used 26750K, committed 27072K, reserved 65536K
}
Event: 121.394 GC heap before
{Heap before GC invocations=237 (full 0):
 garbage-first heap   total 409600K, used 266627K [0x000079a210800000, 0x000079a290800000)
  region size 1024K, 240 young (245760K), 3 survivors (3072K)
 Metaspace       used 26750K, committed 27072K, reserved 65536K
}
Event: 121.395 GC heap after
{Heap after GC invocations=238 (full 0):
 garbage-first heap   total 409600K, used 24005K [0x000079a210800000, 0x000079a290800000)
  region size 1024K, 3 young (3072K), 3 survivors (3072K)
 Metaspace       used 26750K, committed 27072K, reserved 65536K
}
Event: 121.993 GC heap before
{Heap before GC invocations=238 (full 0):
 garbage-first heap   total 409600K, used 266693K [0x000079a210800000, 0x000079a290800000)
  region size 1024K, 240 young (245760K), 3 survivors (3072K)
 Metaspace       used 26750K, committed 27072K, reserved 65536K
}
Event: 121.994 GC heap after
{Heap after GC invocations=239 (full 0):
 garbage-first heap   total 409600K, used 24072K [0x000079a210800000, 0x000079a290800000)
  region size 1024K, 3 young (3072K), 3 survivors (3072K)
 Metaspace       used 26750K, committed 27072K, reserved 65536K
}
Event: 122.595 GC heap before
{Heap before GC invocations=239 (full 0):
 garbage-first heap   total 409600K, used 266760K [0x000079a210800000, 0x000079a290800000)
  region size 1024K, 240 young (245760K), 3 survivors (3072K)
 Metaspace       used 26750K, committed 27072K, reserved 65536K
}
Event: 122.596 GC heap after
{Heap after GC invocations=240 (full 0):
 garbage-first heap   total 409600K, used 24046K [0x000079a210800000, 0x000079a290800000)
  region size 1024K, 3 young (3072K), 3 survivors (3072K)
 Metaspace       used 26750K, committed 27072K, reserved 65536K
}
Event: 123.196 GC heap before
{Heap before GC invocations=240 (full 0):
 garbage-first heap   total 409600K, used 266734K [0x000079a210800000, 0x000079a290800000)
  region size 1024K, 240 young (245760K), 3 survivors (3072K)
 Metaspace       used 26750K, committed 27072K, reserved 65536K
}
Event: 123.197 GC heap after
{Heap after GC invocations=241 (full 0):
 garbage-first heap   total 409600K, used 24113K [0x000079a210800000, 0x000079a290800000)
  region size 1024K, 3 young (3072K), 3 survivors (3072K)
 Metaspace       used 26750K, committed 27072K, reserved 65536K
}
Event: 123.801 GC heap before
{Heap before GC invocations=241 (full 0):
 garbage-first heap   total 409600K, used 266801K [0x000079a210800000, 0x000079a290800000)
  region size 1024K, 240 young (245760K), 3 survivors (3072K)
 Metaspace       used 26750K, committed 27072K, reserved 65536K
}

